TN:
SF:/home/sheila/Desktop/drivapi/tests/unit/motor_servo/src/dc_motor_functions.c
FN:4,clamp_u16
FN:10,sub_sat_u16
FN:15,DC_Motor_Clamp
FN:19,DC_Motor_SubSaturate
FN:23,DC_Motor_ValidatePWM
FN:31,DC_Motor_CalculatePWM
FN:38,DC_Motor_GetDirection
FN:44,DC_Motor_AbsoluteSpeed
FNDA:5,DC_Motor_Clamp
FNDA:3,DC_Motor_SubSaturate
FNDA:5,clamp_u16
FNDA:3,DC_Motor_AbsoluteSpeed
FNDA:5,DC_Motor_ValidatePWM
FNDA:5,DC_Motor_GetDirection
FNDA:3,sub_sat_u16
FNDA:5,DC_Motor_CalculatePWM
FNF:8
FNH:8
BRDA:5,0,0,1
BRDA:5,0,1,4
BRDA:6,0,0,1
BRDA:6,0,1,3
BRDA:11,0,0,2
BRDA:11,0,1,1
BRDA:24,0,0,1
BRDA:24,0,1,4
BRDA:25,0,0,1
BRDA:25,0,1,3
BRDA:26,0,0,0
BRDA:26,0,1,3
BRDA:27,0,0,0
BRDA:27,0,1,3
BRDA:33,0,0,1
BRDA:33,0,1,4
BRDA:34,0,0,1
BRDA:34,0,1,4
BRDA:39,0,0,1
BRDA:39,0,1,4
BRDA:40,0,0,1
BRDA:40,0,1,3
BRDA:45,0,0,1
BRDA:45,0,1,2
BRF:24
BRH:22
DA:4,5
DA:5,5
DA:6,4
DA:7,3
DA:10,3
DA:11,3
DA:12,1
DA:15,5
DA:16,5
DA:19,3
DA:20,3
DA:23,5
DA:24,5
DA:25,4
DA:26,3
DA:27,3
DA:28,3
DA:31,5
DA:32,5
DA:33,5
DA:34,5
DA:35,5
DA:38,5
DA:39,5
DA:40,4
DA:41,3
DA:44,3
DA:45,3
DA:46,2
LF:29
LH:29
end_of_record
TN:
SF:/home/sheila/Desktop/drivapi/tests/unit/motor_servo/src/dc_motor_testable.c
FN:4,clamp_u16
FN:10,Motor_Stop_Testable
FN:20,Motor_Forward_Testable
FN:33,Motor_Backward_Testable
FN:46,Motor_Left_Testable
FN:59,Motor_Right_Testable
FN:72,Motor_SetMotor_Testable
FN:100,Motor_SetPWM_Testable
FNDA:27,clamp_u16
FNDA:2,Motor_Right_Testable
FNDA:7,Motor_SetMotor_Testable
FNDA:2,Motor_Left_Testable
FNDA:7,Motor_Stop_Testable
FNDA:10,Motor_SetPWM_Testable
FNDA:3,Motor_Backward_Testable
FNDA:7,Motor_Forward_Testable
FNF:8
FNH:8
BRDA:5,0,0,0
BRDA:5,0,1,27
BRDA:6,0,0,4
BRDA:6,0,1,23
BRDA:76,0,0,3
BRDA:76,0,1,4
BRDA:81,0,0,2
BRDA:81,0,1,2
BRDA:103,0,0,5
BRDA:103,0,1,5
BRDA:108,0,0,3
BRDA:108,0,1,2
BRDA:119,0,0,3
BRDA:119,0,1,7
BRDA:124,0,0,5
BRDA:124,0,1,2
BRF:16
BRH:15
DA:4,27
DA:5,27
DA:6,27
DA:7,23
DA:10,7
DA:11,7
DA:12,7
DA:13,7
DA:15,7
DA:16,7
DA:17,7
DA:18,7
DA:20,7
DA:21,7
DA:22,7
DA:24,7
DA:25,7
DA:26,7
DA:28,7
DA:29,7
DA:30,7
DA:31,7
DA:33,3
DA:34,3
DA:35,3
DA:37,3
DA:38,3
DA:39,3
DA:41,3
DA:42,3
DA:43,3
DA:44,3
DA:46,2
DA:47,2
DA:48,2
DA:50,2
DA:51,2
DA:52,2
DA:54,2
DA:55,2
DA:56,2
DA:57,2
DA:59,2
DA:60,2
DA:61,2
DA:63,2
DA:64,2
DA:65,2
DA:67,2
DA:68,2
DA:69,2
DA:70,2
DA:72,7
DA:73,7
DA:74,7
DA:76,7
DA:77,3
DA:78,3
DA:81,4
DA:82,2
DA:83,2
DA:84,2
DA:86,2
DA:87,2
DA:88,2
DA:90,2
DA:91,2
DA:92,2
DA:94,2
DA:95,2
DA:96,2
DA:100,10
DA:101,10
DA:103,10
DA:104,5
DA:105,5
DA:106,5
DA:107,5
DA:108,5
DA:109,3
DA:110,3
DA:111,3
DA:112,3
DA:114,2
DA:115,2
DA:116,2
DA:119,10
DA:120,3
DA:121,3
DA:122,3
DA:123,3
DA:124,7
DA:125,5
DA:126,5
DA:127,5
DA:128,5
DA:130,2
DA:131,2
DA:132,2
DA:134,10
LF:100
LH:100
end_of_record
TN:
SF:/home/sheila/Desktop/drivapi/tests/unit/motor_servo/src/pca9685_testable.c
FN:5,PCA9685_SetPWM_Testable
FNDA:222,PCA9685_SetPWM_Testable
FNF:1
FNH:1
DA:5,222
DA:8,222
DA:9,222
DA:11,222
DA:12,222
DA:13,222
DA:14,222
DA:16,222
LF:8
LH:8
end_of_record
TN:
SF:/home/sheila/Desktop/drivapi/tests/unit/motor_servo/src/servo_functions.c
FN:3,clamp_u16
FN:7,Servo_ValidateAngle
FN:12,Servo_ValidatePulseRange
FN:18,Servo_CalculatePulse
FN:27,Servo_ClampAngle
FN:32,Servo_MapAngleToPulse
FNDA:5,Servo_MapAngleToPulse
FNDA:4,Servo_ClampAngle
FNDA:6,clamp_u16
FNDA:6,Servo_CalculatePulse
FNDA:7,Servo_ValidateAngle
FNDA:4,Servo_ValidatePulseRange
FNF:6
FNH:6
BRDA:8,0,0,3
BRDA:8,0,1,4
BRDA:13,0,0,2
BRDA:13,0,1,2
BRDA:14,0,0,1
BRDA:14,0,1,1
BRDA:19,0,0,1
BRDA:19,0,1,5
BRDA:28,0,0,1
BRDA:28,0,1,3
BRDA:33,0,0,1
BRDA:33,0,1,4
BRF:12
BRH:12
DA:3,6
DA:4,6
DA:7,7
DA:8,7
DA:9,4
DA:12,4
DA:13,4
DA:14,2
DA:15,1
DA:18,6
DA:19,6
DA:21,6
DA:22,6
DA:24,6
DA:27,4
DA:28,4
DA:29,3
DA:32,5
DA:33,5
DA:35,5
DA:36,5
DA:38,5
LF:22
LH:22
end_of_record
TN:
SF:/home/sheila/Desktop/drivapi/tests/unit/motor_servo/src/servo_motor_testable.c
FN:4,clamp_u16
FN:8,Servo_SetAngle_Testable
FNDA:14,Servo_SetAngle_Testable
FNDA:12,clamp_u16
FNF:2
FNH:2
BRDA:15,0,0,1
BRDA:15,0,1,13
BRDA:16,0,0,2
BRDA:16,0,1,12
BRDA:24,0,0,2
BRDA:24,0,1,10
BRF:6
BRH:6
DA:4,12
DA:5,12
DA:8,14
DA:15,14
DA:16,14
DA:17,2
DA:20,12
DA:21,12
DA:23,12
DA:24,12
DA:25,2
DA:27,10
LF:12
LH:12
end_of_record
TN:
SF:/home/sheila/Desktop/drivapi/tests/unit/motor_servo/src/speed_sensor_functions.c
FN:7,Speed_CalculateRotations
FN:11,Speed_CalculateDistance
FN:15,Speed_CalculateVelocity
FN:20,Speed_CalculatePulses
FN:28,Speed_ValidateTimeDelta
FN:34,Speed_TimeTicksToSeconds
FN:38,Speed_CalculateSpeedMPS
FNDA:8,Speed_CalculateDistance
FNDA:5,Speed_ValidateTimeDelta
FNDA:4,Speed_CalculatePulses
FNDA:8,Speed_CalculateRotations
FNDA:4,Speed_TimeTicksToSeconds
FNDA:5,Speed_CalculateSpeedMPS
FNDA:9,Speed_CalculateVelocity
FNF:7
FNH:7
BRDA:16,0,0,2
BRDA:16,0,1,7
BRDA:21,0,0,2
BRDA:21,0,1,2
BRDA:29,0,0,2
BRDA:29,0,1,3
BRDA:30,0,0,1
BRDA:30,0,1,2
BRDA:39,0,0,1
BRDA:39,0,1,4
BRF:10
BRH:10
DA:7,8
DA:8,8
DA:11,8
DA:12,8
DA:15,9
DA:16,9
DA:17,7
DA:20,4
DA:21,4
DA:22,2
DA:24,2
DA:28,5
DA:29,5
DA:30,3
DA:31,2
DA:34,4
DA:35,4
DA:38,5
DA:39,5
DA:41,4
DA:42,4
DA:43,4
LF:22
LH:22
end_of_record
TN:
SF:/home/sheila/Desktop/drivapi/tests/unit/speed_sensor/src/speed_sensor.c
FN:20,read_speed_sensor
FN:70,speed_sensor
FNDA:1,speed_sensor
FNDA:21,read_speed_sensor
FNF:2
FNH:2
DA:20,21
DA:27,21
DA:30,21
DA:33,21
DA:35,1
DA:36,1
DA:37,1
DA:38,1
DA:42,20
DA:43,20
DA:45,20
DA:48,16
DA:49,16
DA:51,12
DA:55,4
DA:59,16
DA:60,16
DA:63,16
DA:64,16
DA:65,16
DA:67,16
DA:70,1
DA:74,1
DA:79,1
DA:82,1
DA:83,2
DA:84,2
DA:87,2
DA:88,2
DA:91,2
DA:94,2
DA:96,2
DA:97,2
DA:100,2
DA:101,2
DA:102,2
DA:104,2
LF:37
LH:37
end_of_record
